<?xml version="1.0" encoding="UTF-8"?>
<!-- Generated by org.testng.reporters.JUnitReportReporter -->
<testsuite skipped="0" hostname="Narender-Balla" name="annotations.Annotations" tests="1" failures="0" timestamp="20 Jan 2018 17:07:59 GMT" time="0.072" errors="0">
  <testcase name="testTitle" time="0.072" classname="annotations.Annotations"/>
</testsuite> <!-- annotations.Annotations -->
